f:\pbd\pd\fast_mass_spring\x64\debug\vc142.pdb
f:\pbd\pd\fast_mass_spring\x64\debug\vc142.idb
f:\pbd\pd\fast_mass_spring\x64\debug\io_mesh.obj
f:\pbd\pd\fast_mass_spring\x64\debug\fps.obj
f:\pbd\pd\fast_mass_spring\x64\debug\simulation.obj
f:\pbd\pd\fast_mass_spring\x64\debug\scene.obj
f:\pbd\pd\fast_mass_spring\x64\debug\primitive.obj
f:\pbd\pd\fast_mass_spring\x64\debug\mesh.obj
f:\pbd\pd\fast_mass_spring\x64\debug\math_headers.obj
f:\pbd\pd\fast_mass_spring\x64\debug\main.obj
f:\pbd\pd\fast_mass_spring\x64\debug\glsl_wrapper.obj
f:\pbd\pd\fast_mass_spring\x64\debug\constraint.obj
f:\pbd\pd\fast_mass_spring\x64\debug\camera.obj
f:\pbd\pd\fast_mass_spring\x64\debug\anttweakbar_wrapper.obj
f:\pbd\pd\fast_mass_spring\x64\debug\stb_image_write.obj
f:\pbd\pd\fast_mass_spring\x64\debug\stb_image.obj
f:\pbd\pd\x64\debug\fast_mass_spring.pdb
f:\pbd\pd\fast_mass_spring\x64\debug\fast_mass_spring.tlog\cl.command.1.tlog
f:\pbd\pd\fast_mass_spring\x64\debug\fast_mass_spring.tlog\cl.read.1.tlog
f:\pbd\pd\fast_mass_spring\x64\debug\fast_mass_spring.tlog\cl.write.1.tlog
f:\pbd\pd\fast_mass_spring\x64\debug\fast_mass_spring.tlog\link-cvtres.read.1.tlog
f:\pbd\pd\fast_mass_spring\x64\debug\fast_mass_spring.tlog\link-cvtres.write.1.tlog
f:\pbd\pd\fast_mass_spring\x64\debug\fast_mass_spring.tlog\link-rc.read.1.tlog
f:\pbd\pd\fast_mass_spring\x64\debug\fast_mass_spring.tlog\link-rc.write.1.tlog
f:\pbd\pd\fast_mass_spring\x64\debug\fast_mass_spring.tlog\link.command.1.tlog
f:\pbd\pd\fast_mass_spring\x64\debug\fast_mass_spring.tlog\link.read.1.tlog
f:\pbd\pd\fast_mass_spring\x64\debug\fast_mass_spring.tlog\link.write.1.tlog
